<?xml version="1.0" encoding="UTF-8"?>
<!-- Generated by org.testng.reporters.JUnitXMLReporter -->
<testsuite ignored="5" hostname="VPC-BKALLE" failures="0" tests="1" name="Default test(failed)" time="2.74" errors="0" timestamp="2020-04-05T16:11:01 EDT">
  <testcase classname="CORE.MessagingService.SendFamilyCourseEnrollmentConfirmationEmailTest" name="InvalidEnrollmentId" time="2.104"/>
  <testcase classname="CORE.MessagingService.SendFamilyCourseEnrollmentConfirmationEmailTest" name="SendFamilyCourseEnrollmentAndStandbyNoHohConfirmationEmail" time="0.0">
    <ignored/>
  </testcase> <!-- SendFamilyCourseEnrollmentAndStandbyNoHohConfirmationEmail -->
  <testcase classname="CORE.MessagingService.SendFamilyCourseEnrollmentConfirmationEmailTest" name="SendFamilyCourseStandbyOnlyConfirmationEmail" time="0.0">
    <ignored/>
  </testcase> <!-- SendFamilyCourseStandbyOnlyConfirmationEmail -->
  <testcase classname="CORE.MessagingService.SendFamilyCourseEnrollmentConfirmationEmailTest" name="InvalidCustomerId" time="0.0">
    <ignored/>
  </testcase> <!-- InvalidCustomerId -->
  <testcase classname="CORE.MessagingService.SendFamilyCourseEnrollmentConfirmationEmailTest" name="SendFamilyCourseEnrollmentOnlyConfirmationEmail" time="0.0">
    <ignored/>
  </testcase> <!-- SendFamilyCourseEnrollmentOnlyConfirmationEmail -->
  <testcase classname="CORE.MessagingService.SendFamilyCourseEnrollmentConfirmationEmailTest" name="SendFamilyCourseEnrollmentConfirmationEmail" time="0.0">
    <ignored/>
  </testcase> <!-- SendFamilyCourseEnrollmentConfirmationEmail -->
</testsuite> <!-- Default test(failed) -->
