<?xml version="1.0" encoding="UTF-8"?>
<!-- Generated by org.testng.reporters.JUnitXMLReporter -->
<testsuite ignored="0" hostname="VPC-TNUZUM2" failures="0" tests="3" name="Default test" time="2.786" errors="0" timestamp="2020-04-09T15:54:12 CDT">
  <testcase classname="CORE.CorporateInfo.GetClubInfo" name="getClub1Info" time="1.682"/>
  <testcase classname="CORE.CorporateInfo.GetClubInfo" name="getClub2Info" time="0.325"/>
  <testcase classname="CORE.CorporateInfo.GetClubInfo" name="inactiveClub" time="0.304"/>
</testsuite> <!-- Default test -->
