<?xml version="1.0" encoding="UTF-8"?>
<!-- Generated by org.testng.reporters.JUnitXMLReporter -->
<testsuite ignored="1" hostname="VPC-BKALLE" failures="0" tests="1" name="Default test(failed)(failed)" time="3.32" errors="0" timestamp="2020-04-05T01:22:40 EDT">
  <testcase classname="CORE.MessagingService.SendCustomerClassEnrollmentConfirmationEmailTest" name="InvalidEnrollmentId" time="2.536"/>
  <testcase classname="CORE.MessagingService.SendCustomerClassEnrollmentConfirmationEmailTest" name="SendCustomerClassEnrollmentConfirmationEmail" time="0.0">
    <ignored/>
  </testcase> <!-- SendCustomerClassEnrollmentConfirmationEmail -->
</testsuite> <!-- Default test(failed)(failed) -->
