<?xml version="1.0" encoding="UTF-8"?>
<!-- Generated by org.testng.reporters.JUnitXMLReporter -->
<testsuite ignored="8" hostname="VPC-BKALLE" failures="0" tests="1" name="Default test(failed)(failed)(failed)" time="0.784" errors="0" timestamp="2020-04-03T23:15:11 EDT">
  <testcase classname="General.EmailConfirmations" name="@BeforeClass connectToEmail" time="0.682">
    <failure type="java.lang.AssertionError" message="imaps">
      <![CDATA[java.lang.AssertionError: imaps
at General.EmailConfirmations.connectToEmail(EmailConfirmations.java:25)
at java.base/java.util.ArrayList.forEach(ArrayList.java:1540)
... Removed 26 stack frames]]>
    </failure>
  </testcase> <!-- @BeforeClass connectToEmail -->
  <testcase classname="General.EmailConfirmations" name="numberOfUnreadMails" time="0.0">
    <skipped/>
  </testcase> <!-- numberOfUnreadMails -->
  <testcase classname="General.EmailConfirmations" name="CancelGroupApointmentConfirmation" time="0.0">
    <ignored/>
  </testcase> <!-- CancelGroupApointmentConfirmation -->
  <testcase classname="General.EmailConfirmations" name="BookAppointmentConfirmation" time="0.0">
    <ignored/>
  </testcase> <!-- BookAppointmentConfirmation -->
  <testcase classname="General.EmailConfirmations" name="ClassEnrollmentConfirmation" time="0.0">
    <ignored/>
  </testcase> <!-- ClassEnrollmentConfirmation -->
  <testcase classname="General.EmailConfirmations" name="BookGroupAppointmentConfirmation" time="0.0">
    <ignored/>
  </testcase> <!-- BookGroupAppointmentConfirmation -->
  <testcase classname="General.EmailConfirmations" name="CancelApointmentConfirmation" time="0.0">
    <ignored/>
  </testcase> <!-- CancelApointmentConfirmation -->
  <testcase classname="General.EmailConfirmations" name="ClassUnenrollmentConfirmation" time="0.0">
    <ignored/>
  </testcase> <!-- ClassUnenrollmentConfirmation -->
  <testcase classname="General.EmailConfirmations" name="CourseUnenrollmentConfirmation" time="0.0">
    <ignored/>
  </testcase> <!-- CourseUnenrollmentConfirmation -->
  <testcase classname="General.EmailConfirmations" name="CourseEnrollmentConfirmation" time="0.0">
    <ignored/>
  </testcase> <!-- CourseEnrollmentConfirmation -->
</testsuite> <!-- Default test(failed)(failed)(failed) -->
