<?xml version="1.0" encoding="UTF-8"?>
<!-- Generated by org.testng.reporters.JUnitXMLReporter -->
<testsuite ignored="0" hostname="VPC-TNUZUM2" failures="0" tests="9" name="CorporateInfo.svc Test" time="5.677" errors="0" timestamp="2020-04-09T15:57:15 CDT">
  <testcase classname="CORE.CorporateInfo.GetActiveClubs" name="getActiveClubs" time="1.744"/>
  <testcase classname="CORE.CorporateInfo.GetBranding" name="getEMEBranding" time="0.752"/>
  <testcase classname="CORE.CorporateInfo.GetBranding" name="getJOLBranding" time="0.651"/>
  <testcase classname="CORE.CorporateInfo.GetBrandingLogo" name="getEMEBrandingLogo" time="0.285"/>
  <testcase classname="CORE.CorporateInfo.GetBrandingLogo" name="getJOLBrandingLogo" time="0.411"/>
  <testcase classname="CORE.CorporateInfo.GetClubAcceptedCreditCards" name="getCards" time="0.244"/>
  <testcase classname="CORE.CorporateInfo.GetClubInfo" name="getClub1Info" time="0.304"/>
  <testcase classname="CORE.CorporateInfo.GetClubInfo" name="getClub2Info" time="0.29"/>
  <testcase classname="CORE.CorporateInfo.GetClubInfo" name="inactiveClub" time="0.297"/>
</testsuite> <!-- CorporateInfo.svc Test -->
