<?xml version="1.0" encoding="UTF-8"?>
<!-- Generated by org.testng.reporters.JUnitXMLReporter -->
<testsuite ignored="0" hostname="VPC-TNUZUM2" failures="0" tests="21" name="CustomerInfo.svc Test" time="6.811" errors="0" timestamp="2020-04-09T15:57:22 CDT">
  <testcase classname="CORE.CustomerInfo.GetCustomerInfoTest" name="customerFound" time="1.062"/>
  <testcase classname="CORE.CustomerInfo.GetCustomerInfoTest" name="customerNotFound" time="0.24"/>
  <testcase classname="CORE.CustomerInfo.GetFamilyMembersForTest" name="familyMemberFound" time="0.371"/>
  <testcase classname="CORE.CustomerInfo.GetFamilyMembersForTest" name="familyMemberNotFound" time="0.179"/>
  <testcase classname="CORE.CustomerInfo.GetFullFamilyForTest" name="familyFound" time="0.525"/>
  <testcase classname="CORE.CustomerInfo.GetFullFamilyForTest" name="familyMemberNotFound" time="0.157"/>
  <testcase classname="CORE.CustomerInfo.GetMemberAccessibleClubs" name="clubsFound" time="0.203"/>
  <testcase classname="CORE.CustomerInfo.GetMemberAccessibleClubs" name="familyMemberNotFound" time="0.138"/>
  <testcase classname="CORE.CustomerInfo.SearchMembers" name="membersFound" time="0.549"/>
  <testcase classname="CORE.CustomerInfo.SearchMembers" name="membersNotFound" time="0.15"/>
  <testcase classname="CORE.CustomerInfo.UpdateCustomerInterests" name="interestAdded" time="0.178"/>
  <testcase classname="CORE.CustomerInfo.UpdateCustomerInterests" name="interestRemoved" time="0.156"/>
  <testcase classname="CORE.CustomerInfo.UpdateCustomerName" name="customerNameUpdated" time="0.408"/>
  <testcase classname="CORE.CustomerInfo.UpdateCustomerName" name="customerNameUpdated2" time="0.345"/>
  <testcase classname="CORE.CustomerInfo.UpdateHeadOfHousehold" name="headOfHouseholdUpdated1" time="0.311"/>
  <testcase classname="CORE.CustomerInfo.UpdateHeadOfHousehold" name="headOfHouseholdUpdated2" time="0.333"/>
  <testcase classname="CORE.CustomerInfo.UpdateHeadOfHousehold" name="headOfHouseholdNotUpdated" time="0.148"/>
  <testcase classname="CORE.CustomerInfo.UpdatePreferredPhoneNumber" name="preferredPhoneUpdatedHome" time="0.287"/>
  <testcase classname="CORE.CustomerInfo.UpdatePreferredPhoneNumber" name="preferredPhoneUpdatedWork" time="0.317"/>
  <testcase classname="CORE.CustomerInfo.UpdatePreferredPhoneNumber" name="preferredPhoneUpdatedMobile" time="0.313"/>
  <testcase classname="CORE.CustomerInfo.UpdatePreferredPhoneNumber" name="preferredPhoneNotUpdated" time="0.145"/>
</testsuite> <!-- CustomerInfo.svc Test -->
