<?xml version="1.0" encoding="UTF-8"?>
<!-- Generated by org.testng.reporters.JUnitXMLReporter -->
<testsuite ignored="0" hostname="VPC-TNUZUM2" failures="0" tests="18" name="PackageService.svc Test" time="11.119" errors="0" timestamp="2020-04-09T15:57:33 CDT">
  <testcase classname="CORE.PackageService.GetPackageTest" name="servicePackageFound" time="0.266"/>
  <testcase classname="CORE.PackageService.GetPackageTest" name="trainingPackageFound" time="0.421"/>
  <testcase classname="CORE.PackageService.GetPackageDetailsTest" name="serviceFoundRestrictFalse" time="0.521"/>
  <testcase classname="CORE.PackageService.GetPackageDetailsTest" name="serviceFoundRestrictTrue" time="0.571"/>
  <testcase classname="CORE.PackageService.GetPackageDetailsTest" name="serviceNotFoundInactiveRestrictFalse" time="0.389"/>
  <testcase classname="CORE.PackageService.GetPackageDetailsTest" name="serviceNotFoundInactiveRestrictTrue" time="0.134"/>
  <testcase classname="CORE.PackageService.GetPackageDetailsTest" name="serviceNotFoundNotAllowedOnlineRestrictFalse" time="0.276"/>
  <testcase classname="CORE.PackageService.GetPackageDetailsTest" name="serviceNotFoundNotAllowedOnlineRestrictTrue" time="0.128"/>
  <testcase classname="CORE.PackageService.GetPackageDetailsTest" name="trainingFoundInactiveRestrictFalse" time="0.395"/>
  <testcase classname="CORE.PackageService.GetPackageDetailsTest" name="trainingFoundNotAllowedOnlineRestrictFalse" time="0.384"/>
  <testcase classname="CORE.PackageService.GetPackageDetailsTest" name="trainingFoundRestrictFalse" time="0.352"/>
  <testcase classname="CORE.PackageService.GetPackageDetailsTest" name="trainingFoundRestrictTrue" time="0.381"/>
  <testcase classname="CORE.PackageService.GetPackageDetailsTest" name="trainingNotFoundInactiveRestrictTrue" time="0.132"/>
  <testcase classname="CORE.PackageService.GetPackageDetailsTest" name="trainingNotFoundNotAllowedOnlineRestrictTrue" time="0.124"/>
  <testcase classname="CORE.PackageService.GetAvailablePackagesByClubTest" name="customerNotFound" time="0.144"/>
  <testcase classname="CORE.PackageService.GetAvailablePackagesByClubTest" name="packagesFound" time="1.992"/>
  <testcase classname="CORE.PackageService.GetAvailablePackagesByClubOnlineBypassTest" name="packagesFoundNoOnlineBypass" time="1.891"/>
  <testcase classname="CORE.PackageService.GetAvailablePackagesByClubOnlineBypassTest" name="packagesFoundOnlineBypass" time="2.474"/>
</testsuite> <!-- PackageService.svc Test -->
