<?xml version="1.0" encoding="UTF-8"?>
<testng-results ignored="0" total="6" passed="6" failed="0" skipped="0">
  <reporter-output>
  </reporter-output>
  <suite started-at="2020-04-05T16:11:16 EDT" name="Default suite" finished-at="2020-04-05T16:11:21 EDT" duration-ms="4113">
    <groups>
    </groups>
    <test started-at="2020-04-05T16:11:16 EDT" name="Default test" finished-at="2020-04-05T16:11:21 EDT" duration-ms="4113">
      <class name="CORE.MessagingService.SendFamilyCourseEnrollmentConfirmationEmailTest">
        <test-method is-config="true" signature="getData()[pri:0, instance:CORE.MessagingService.SendFamilyCourseEnrollmentConfirmationEmailTest@6fe7aac8]" started-at="2020-04-05T16:11:16 EDT" name="getData" finished-at="2020-04-05T16:11:17 EDT" duration-ms="765" status="PASS">
          <reporter-output>
          </reporter-output>
        </test-method> <!-- getData -->
        <test-method signature="SendFamilyCourseEnrollmentConfirmationEmail()[pri:1, instance:CORE.MessagingService.SendFamilyCourseEnrollmentConfirmationEmailTest@6fe7aac8]" started-at="2020-04-05T16:11:17 EDT" name="SendFamilyCourseEnrollmentConfirmationEmail" finished-at="2020-04-05T16:11:19 EDT" duration-ms="1688" status="PASS">
          <reporter-output>
          </reporter-output>
        </test-method> <!-- SendFamilyCourseEnrollmentConfirmationEmail -->
        <test-method signature="SendFamilyCourseEnrollmentOnlyConfirmationEmail()[pri:2, instance:CORE.MessagingService.SendFamilyCourseEnrollmentConfirmationEmailTest@6fe7aac8]" started-at="2020-04-05T16:11:19 EDT" name="SendFamilyCourseEnrollmentOnlyConfirmationEmail" finished-at="2020-04-05T16:11:19 EDT" duration-ms="229" status="PASS">
          <reporter-output>
          </reporter-output>
        </test-method> <!-- SendFamilyCourseEnrollmentOnlyConfirmationEmail -->
        <test-method signature="SendFamilyCourseStandbyOnlyConfirmationEmail()[pri:3, instance:CORE.MessagingService.SendFamilyCourseEnrollmentConfirmationEmailTest@6fe7aac8]" started-at="2020-04-05T16:11:19 EDT" name="SendFamilyCourseStandbyOnlyConfirmationEmail" finished-at="2020-04-05T16:11:19 EDT" duration-ms="225" status="PASS">
          <reporter-output>
          </reporter-output>
        </test-method> <!-- SendFamilyCourseStandbyOnlyConfirmationEmail -->
        <test-method signature="SendFamilyCourseEnrollmentAndStandbyNoHohConfirmationEmail()[pri:4, instance:CORE.MessagingService.SendFamilyCourseEnrollmentConfirmationEmailTest@6fe7aac8]" started-at="2020-04-05T16:11:19 EDT" name="SendFamilyCourseEnrollmentAndStandbyNoHohConfirmationEmail" finished-at="2020-04-05T16:11:20 EDT" duration-ms="239" status="PASS">
          <reporter-output>
          </reporter-output>
        </test-method> <!-- SendFamilyCourseEnrollmentAndStandbyNoHohConfirmationEmail -->
        <test-method signature="InvalidCustomerId()[pri:5, instance:CORE.MessagingService.SendFamilyCourseEnrollmentConfirmationEmailTest@6fe7aac8]" started-at="2020-04-05T16:11:20 EDT" name="InvalidCustomerId" finished-at="2020-04-05T16:11:20 EDT" duration-ms="601" status="PASS">
          <reporter-output>
          </reporter-output>
        </test-method> <!-- InvalidCustomerId -->
        <test-method signature="InvalidEnrollmentId()[pri:6, instance:CORE.MessagingService.SendFamilyCourseEnrollmentConfirmationEmailTest@6fe7aac8]" started-at="2020-04-05T16:11:20 EDT" name="InvalidEnrollmentId" finished-at="2020-04-05T16:11:21 EDT" duration-ms="264" status="PASS">
          <reporter-output>
          </reporter-output>
        </test-method> <!-- InvalidEnrollmentId -->
      </class> <!-- CORE.MessagingService.SendFamilyCourseEnrollmentConfirmationEmailTest -->
    </test> <!-- Default test -->
  </suite> <!-- Default suite -->
</testng-results>
