<?xml version="1.0" encoding="UTF-8"?>
<testng-results ignored="0" total="2" passed="2" failed="0" skipped="0">
  <reporter-output>
  </reporter-output>
  <suite started-at="2020-04-05T01:26:52 EDT" name="Default suite" finished-at="2020-04-05T01:26:56 EDT" duration-ms="3296">
    <groups>
    </groups>
    <test started-at="2020-04-05T01:26:52 EDT" name="Default test" finished-at="2020-04-05T01:26:56 EDT" duration-ms="3296">
      <class name="CORE.MessagingService.SendCustomerCourseEnrollmentConfirmationEmailTest">
        <test-method is-config="true" signature="getData()[pri:0, instance:CORE.MessagingService.SendCustomerCourseEnrollmentConfirmationEmailTest@5223e5ee]" started-at="2020-04-05T01:26:52 EDT" name="getData" finished-at="2020-04-05T01:26:53 EDT" duration-ms="630" status="PASS">
          <reporter-output>
          </reporter-output>
        </test-method> <!-- getData -->
        <test-method signature="SendCustomerCourseEnrollmentConfirmationEmail()[pri:1, instance:CORE.MessagingService.SendCustomerCourseEnrollmentConfirmationEmailTest@5223e5ee]" started-at="2020-04-05T01:26:53 EDT" name="SendCustomerCourseEnrollmentConfirmationEmail" finished-at="2020-04-05T01:26:55 EDT" duration-ms="1955" status="PASS">
          <reporter-output>
          </reporter-output>
        </test-method> <!-- SendCustomerCourseEnrollmentConfirmationEmail -->
        <test-method signature="InvalidEnrollmentId()[pri:2, instance:CORE.MessagingService.SendCustomerCourseEnrollmentConfirmationEmailTest@5223e5ee]" started-at="2020-04-05T01:26:55 EDT" name="InvalidEnrollmentId" finished-at="2020-04-05T01:26:56 EDT" duration-ms="591" status="PASS">
          <reporter-output>
          </reporter-output>
        </test-method> <!-- InvalidEnrollmentId -->
      </class> <!-- CORE.MessagingService.SendCustomerCourseEnrollmentConfirmationEmailTest -->
    </test> <!-- Default test -->
  </suite> <!-- Default suite -->
</testng-results>
